2025-08-08 21:07:23,354 [INFO] Activator:176 - 


2025-08-08 21:07:23,356 [INFO] Activator:177 - !SESSION log4j initialized
2025-08-08 21:07:25,354 [INFO] LogOutputStream:77 - [STDOUT_REDIRECT] 
2025-08-08 21:07:27,609 [INFO] ApplicationProperties:184 - Using Application install path: /home/cypher/st/stm32cubeide_1.19.0_3/plugins/com.st.stm32cube.common.mx_6.15.0.202507011659
2025-08-08 21:07:27,628 [INFO] DbMcusXml:78 - Set database path to: /home/cypher/st/stm32cubeide_1.19.0_3/plugins/com.st.stm32cube.common.mx_6.15.0.202507011659//db//mcu/
2025-08-08 21:07:27,628 [INFO] ApiDb:274 - Set plugin database path to: /home/cypher/st/stm32cubeide_1.19.0_3/plugins/com.st.stm32cube.common.mx_6.15.0.202507011659//db//plugins/boardmanager/
2025-08-08 21:07:27,628 [WARN] ApiDb:259 - Overriding images path with different value:  => /home/cypher/st/stm32cubeide_1.19.0_3/plugins/com.st.stm32cube.common.mx_6.15.0.202507011659//db//plugins/mcufinder/images/
2025-08-08 21:07:27,638 [INFO] ApiDb:250 - Set database path to: /home/cypher/.stmcufinder/plugins/mcufinder//mcu/
2025-08-08 21:07:27,639 [INFO] DbMcusAds:125 - Set database path to: /home/cypher/.stmcufinder/plugins/mcufinder//mcu/
2025-08-08 21:07:27,642 [INFO] CrossReferenceDbSqlite:203 - Set database path to: /home/cypher/.stmcufinder/plugins/mcufinder//mcu/cs/
2025-08-08 21:07:27,765 [INFO] RulesReader:64 - Compatibility file has been processed (317 Rules)
2025-08-08 21:07:27,828 [INFO] DbMcusXml:78 - Set database path to: /home/cypher/st/stm32cubeide_1.19.0_3/plugins/com.st.stm32cube.common.mx_6.15.0.202507011659//db//mcu/
2025-08-08 21:07:27,828 [INFO] ApiDb:274 - Set plugin database path to: /home/cypher/st/stm32cubeide_1.19.0_3/plugins/com.st.stm32cube.common.mx_6.15.0.202507011659//db//plugins/boardmanager/
2025-08-08 21:07:27,829 [INFO] ApiDb:261 - Set plugin images path to: /home/cypher/st/stm32cubeide_1.19.0_3/plugins/com.st.stm32cube.common.mx_6.15.0.202507011659//db//plugins/mcufinder/images/
2025-08-08 21:07:27,829 [WARN] DbFile:41 - Overriding database path with different value: /home/cypher/.stmcufinder/plugins/mcufinder/ => /home/cypher/.stmcufinder/plugins/mcufinder
2025-08-08 21:07:27,829 [INFO] ApiDb:250 - Set database path to: /home/cypher/.stmcufinder/plugins/mcufinder//mcu/
2025-08-08 21:07:27,829 [WARN] DbFile:41 - Overriding database path with different value: /home/cypher/.stmcufinder/plugins/mcufinder/ => /home/cypher/.stmcufinder/plugins/mcufinder
2025-08-08 21:07:27,829 [INFO] DbMcusAds:125 - Set database path to: /home/cypher/.stmcufinder/plugins/mcufinder//mcu/
2025-08-08 21:07:27,829 [WARN] DbFile:41 - Overriding database path with different value: /home/cypher/.stmcufinder/plugins/mcufinder/ => /home/cypher/.stmcufinder/plugins/mcufinder
2025-08-08 21:07:27,829 [WARN] DbFile:41 - Overriding database path with different value: /home/cypher/.stmcufinder/plugins/mcufinder/ => /home/cypher/.stmcufinder/plugins/mcufinder
2025-08-08 21:07:27,829 [INFO] CrossReferenceDbSqlite:203 - Set database path to: /home/cypher/.stmcufinder/plugins/mcufinder//mcu/cs/
2025-08-08 21:07:27,935 [INFO] MainPanel:274 - HeapMemory: 268435456
2025-08-08 21:07:28,334 [INFO] DbMcusXml:78 - Set database path to: /home/cypher/st/stm32cubeide_1.19.0_3/plugins/com.st.stm32cube.common.mx_6.15.0.202507011659//db//mcu/
2025-08-08 21:07:28,335 [INFO] ApiDb:274 - Set plugin database path to: /home/cypher/st/stm32cubeide_1.19.0_3/plugins/com.st.stm32cube.common.mx_6.15.0.202507011659//db//plugins/boardmanager/
2025-08-08 21:07:28,335 [INFO] ApiDb:261 - Set plugin images path to: /home/cypher/st/stm32cubeide_1.19.0_3/plugins/com.st.stm32cube.common.mx_6.15.0.202507011659//db//plugins/mcufinder/images/
2025-08-08 21:07:28,335 [WARN] DbFile:41 - Overriding database path with different value: /home/cypher/.stmcufinder/plugins/mcufinder/ => /home/cypher/.stmcufinder/plugins/mcufinder
2025-08-08 21:07:28,335 [INFO] ApiDb:250 - Set database path to: /home/cypher/.stmcufinder/plugins/mcufinder//mcu/
2025-08-08 21:07:28,336 [WARN] DbFile:41 - Overriding database path with different value: /home/cypher/.stmcufinder/plugins/mcufinder/ => /home/cypher/.stmcufinder/plugins/mcufinder
2025-08-08 21:07:28,336 [INFO] DbMcusAds:125 - Set database path to: /home/cypher/.stmcufinder/plugins/mcufinder//mcu/
2025-08-08 21:07:28,336 [WARN] DbFile:41 - Overriding database path with different value: /home/cypher/.stmcufinder/plugins/mcufinder/ => /home/cypher/.stmcufinder/plugins/mcufinder
2025-08-08 21:07:28,336 [WARN] DbFile:41 - Overriding database path with different value: /home/cypher/.stmcufinder/plugins/mcufinder/ => /home/cypher/.stmcufinder/plugins/mcufinder
2025-08-08 21:07:28,336 [INFO] CrossReferenceDbSqlite:203 - Set database path to: /home/cypher/.stmcufinder/plugins/mcufinder//mcu/cs/
2025-08-08 21:07:28,359 [INFO] ApplicationProperties:184 - Using Application install path: /home/cypher/st/stm32cubeide_1.19.0_3/plugins/com.st.stm32cube.common.mx_6.15.0.202507011659
2025-08-08 21:07:28,361 [INFO] PluginManage:196 - Search for loadable plugins [exclusion list=, ]
2025-08-08 21:07:28,362 [INFO] PluginManage:310 - Check plugin analytics
2025-08-08 21:07:28,628 [INFO] AnalyticsPlugin:253 - Accepted Software Licenses: 
2025-08-08 21:07:28,629 [INFO] AnalyticsPlugin:255 - Accepted CMSIS Pack Licenses: 
2025-08-08 21:07:28,629 [INFO] AnalyticsPlugin:257 - Accepted Firmware Licenses: 
2025-08-08 21:07:28,632 [INFO] PluginManage:359 - Loaded plugin analytics (category:tool,tabindex:-1)
2025-08-08 21:07:28,633 [INFO] PluginManage:310 - Check plugin cadmodel
2025-08-08 21:07:28,640 [INFO] CADModel:105 - Init CAD model plugin
2025-08-08 21:07:28,640 [INFO] PluginManage:359 - Loaded plugin cadmodel (category:power,tabindex:5)
2025-08-08 21:07:28,640 [INFO] PluginManage:310 - Check plugin clock
2025-08-08 21:07:28,654 [INFO] PluginManage:359 - Loaded plugin clock (category:base,tabindex:2)
2025-08-08 21:07:28,654 [INFO] PluginManage:310 - Check plugin ddr
2025-08-08 21:07:28,657 [INFO] PluginManage:359 - Loaded plugin ddr (category:tool,tabindex:6)
2025-08-08 21:07:28,658 [INFO] PluginManage:310 - Check plugin filemanager
2025-08-08 21:07:28,872 [INFO] PluginManage:359 - Loaded plugin filemanager (category:base,tabindex:10)
2025-08-08 21:07:28,872 [INFO] PluginManage:310 - Check plugin ipmanager
2025-08-08 21:07:28,879 [INFO] PluginManage:359 - Loaded plugin ipmanager (category:base,tabindex:5)
2025-08-08 21:07:28,879 [INFO] PluginManage:310 - Check plugin lpbam
2025-08-08 21:07:28,893 [INFO] PluginManage:359 - Loaded plugin lpbam (category:base,tabindex:0)
2025-08-08 21:07:28,893 [INFO] PluginManage:310 - Check plugin memorymap
2025-08-08 21:07:28,911 [INFO] PluginManage:359 - Loaded plugin memorymap (category:base,tabindex:4)
2025-08-08 21:07:28,911 [INFO] PluginManage:310 - Check plugin pinoutandconfiguration
2025-08-08 21:07:28,923 [INFO] PluginManage:359 - Loaded plugin pinoutandconfiguration (category:base,tabindex:1)
2025-08-08 21:07:28,924 [INFO] PluginManage:310 - Check plugin pinoutconfig
2025-08-08 21:07:29,112 [WARN] SupportedApi:132 - Cannot load RTOS API schema: s4s-elt-must-match.1: The content of 'definitions' must match (annotation?, (simpleType | complexType)?, (unique | key | keyref)*)). A problem was found starting at: attribute.
2025-08-08 21:07:29,339 [INFO] PluginManage:359 - Loaded plugin pinoutconfig (category:base,tabindex:0)
2025-08-08 21:07:29,339 [INFO] PluginManage:310 - Check plugin power
2025-08-08 21:07:29,354 [INFO] PluginManage:359 - Loaded plugin power (category:power,tabindex:4)
2025-08-08 21:07:29,355 [INFO] PluginManage:310 - Check plugin projectmanager
2025-08-08 21:07:29,379 [INFO] PluginManage:359 - Loaded plugin projectmanager (category:projectmanager,tabindex:4)
2025-08-08 21:07:29,380 [INFO] PluginManage:310 - Check plugin rif
2025-08-08 21:07:29,392 [INFO] PluginManage:359 - Loaded plugin rif (category:base,tabindex:3)
2025-08-08 21:07:29,392 [INFO] PluginManage:310 - Check plugin thirdparty
2025-08-08 21:07:29,598 [INFO] PluginManage:359 - Loaded plugin thirdparty (category:base,tabindex:-1)
2025-08-08 21:07:29,598 [WARN] IntegrityCheckThread:84 - waiting for thirdparty lock release [integrity check]
2025-08-08 21:07:29,598 [INFO] PluginManage:310 - Check plugin tools
2025-08-08 21:07:29,598 [INFO] IntegrityCheckThread:86 - entering critical section [integrity check]
2025-08-08 21:07:29,599 [INFO] ThirdPartyUpdaterWithRetryManager:70 - Updater plugin not ready yet. [1/15]
2025-08-08 21:07:29,602 [INFO] PluginManage:359 - Loaded plugin tools (category:base,tabindex:7)
2025-08-08 21:07:29,602 [INFO] PluginManage:310 - Check plugin tutovideos
2025-08-08 21:07:29,904 [INFO] PluginManage:359 - Loaded plugin tutovideos (category:base,tabindex:-1)
2025-08-08 21:07:29,904 [INFO] PluginManage:310 - Check plugin updater
2025-08-08 21:07:29,935 [INFO] PluginManage:359 - Loaded plugin updater (category:base,tabindex:12)
2025-08-08 21:07:29,935 [INFO] PluginManage:310 - Check plugin userauth
2025-08-08 21:07:29,940 [INFO] UserAuth:118 - Init User Auth plugin
2025-08-08 21:07:29,941 [INFO] PluginManage:359 - Loaded plugin userauth (category:base,tabindex:14)
2025-08-08 21:07:29,942 [INFO] PluginManage:283 - PluginManage : Loaded plugins [18]
2025-08-08 21:07:30,191 [INFO] PinOutPanel:1589 - setPackage(No Configuration,No Configuration)
2025-08-08 21:07:30,296 [INFO] CADModel:165 - CPN selected for project level
2025-08-08 21:07:30,296 [INFO] CADModel:114 - Register for checkConnection events
2025-08-08 21:07:30,309 [INFO] IPUIPlugin:80 - create IPUIPlugin
2025-08-08 21:07:30,310 [INFO] PluginManager:220 - loadIPPluginJar : add gtzc
2025-08-08 21:07:30,316 [INFO] IPUIPlugin:80 - create IPUIPlugin
2025-08-08 21:07:30,317 [INFO] PluginManager:220 - loadIPPluginJar : add pdm2pcm
2025-08-08 21:07:30,323 [INFO] IPUIPlugin:80 - create IPUIPlugin
2025-08-08 21:07:30,323 [INFO] PluginManager:220 - loadIPPluginJar : add resmgrutility
2025-08-08 21:07:30,326 [INFO] IPUIPlugin:80 - create IPUIPlugin
2025-08-08 21:07:30,326 [INFO] PluginManager:220 - loadIPPluginJar : add hash
2025-08-08 21:07:30,329 [INFO] IPUIPlugin:80 - create IPUIPlugin
2025-08-08 21:07:30,330 [INFO] PluginManager:220 - loadIPPluginJar : add i2c
2025-08-08 21:07:30,332 [INFO] IPUIPlugin:80 - create IPUIPlugin
2025-08-08 21:07:30,332 [INFO] PluginManager:220 - loadIPPluginJar : add tracer_emb
2025-08-08 21:07:30,336 [INFO] IPUIPlugin:80 - create IPUIPlugin
2025-08-08 21:07:30,336 [INFO] PluginManager:220 - loadIPPluginJar : add sai
2025-08-08 21:07:30,339 [INFO] IPUIPlugin:80 - create IPUIPlugin
2025-08-08 21:07:30,339 [INFO] PluginManager:220 - loadIPPluginJar : add ts
2025-08-08 21:07:30,342 [INFO] IPUIPlugin:80 - create IPUIPlugin
2025-08-08 21:07:30,342 [INFO] PluginManager:220 - loadIPPluginJar : add can
2025-08-08 21:07:30,345 [INFO] IPUIPlugin:80 - create IPUIPlugin
2025-08-08 21:07:30,345 [INFO] PluginManager:220 - loadIPPluginJar : add opamp
2025-08-08 21:07:30,353 [INFO] IPUIPlugin:80 - create IPUIPlugin
2025-08-08 21:07:30,353 [INFO] PluginManager:220 - loadIPPluginJar : add stm32_wpan
2025-08-08 21:07:30,356 [INFO] IPUIPlugin:80 - create IPUIPlugin
2025-08-08 21:07:30,356 [INFO] PluginManager:220 - loadIPPluginJar : add tsc
2025-08-08 21:07:30,358 [INFO] IPUIPlugin:80 - create IPUIPlugin
2025-08-08 21:07:30,359 [INFO] PluginManager:220 - loadIPPluginJar : add ucpd
2025-08-08 21:07:30,361 [INFO] IPUIPlugin:80 - create IPUIPlugin
2025-08-08 21:07:30,361 [INFO] PluginManager:220 - loadIPPluginJar : add spi
2025-08-08 21:07:30,365 [INFO] IPUIPlugin:80 - create IPUIPlugin
2025-08-08 21:07:30,365 [INFO] PluginManager:220 - loadIPPluginJar : add i3c
2025-08-08 21:07:30,370 [INFO] IPUIPlugin:80 - create IPUIPlugin
2025-08-08 21:07:30,370 [INFO] PluginManager:220 - loadIPPluginJar : add fmc
2025-08-08 21:07:30,372 [INFO] IPUIPlugin:80 - create IPUIPlugin
2025-08-08 21:07:30,373 [INFO] PluginManager:220 - loadIPPluginJar : add radio
2025-08-08 21:07:30,376 [INFO] IPUIPlugin:80 - create IPUIPlugin
2025-08-08 21:07:30,376 [INFO] PluginManager:220 - loadIPPluginJar : add extmemmanager
2025-08-08 21:07:30,383 [INFO] IPUIPlugin:80 - create IPUIPlugin
2025-08-08 21:07:30,383 [INFO] PluginManager:220 - loadIPPluginJar : add dma
2025-08-08 21:07:30,386 [INFO] IPUIPlugin:80 - create IPUIPlugin
2025-08-08 21:07:30,386 [INFO] PluginManager:220 - loadIPPluginJar : add usart
2025-08-08 21:07:30,389 [INFO] IPUIPlugin:80 - create IPUIPlugin
2025-08-08 21:07:30,390 [INFO] PluginManager:220 - loadIPPluginJar : add lorawan
2025-08-08 21:07:30,391 [INFO] IPUIPlugin:80 - create IPUIPlugin
2025-08-08 21:07:30,391 [INFO] PluginManager:220 - loadIPPluginJar : add quadspi
2025-08-08 21:07:30,398 [INFO] IPUIPlugin:80 - create IPUIPlugin
2025-08-08 21:07:30,399 [INFO] PluginManager:220 - loadIPPluginJar : add freertos
2025-08-08 21:07:30,401 [INFO] IPUIPlugin:80 - create IPUIPlugin
2025-08-08 21:07:30,401 [INFO] PluginManager:220 - loadIPPluginJar : add comp
2025-08-08 21:07:30,406 [INFO] IPUIPlugin:80 - create IPUIPlugin
2025-08-08 21:07:30,406 [INFO] PluginManager:220 - loadIPPluginJar : add ddr_ctrl_phy
2025-08-08 21:07:30,409 [INFO] IPUIPlugin:80 - create IPUIPlugin
2025-08-08 21:07:30,409 [INFO] PluginManager:220 - loadIPPluginJar : add dma3
2025-08-08 21:07:30,413 [INFO] IPUIPlugin:80 - create IPUIPlugin
2025-08-08 21:07:30,414 [INFO] PluginManager:220 - loadIPPluginJar : add ipddr
2025-08-08 21:07:30,417 [INFO] IPUIPlugin:80 - create IPUIPlugin
2025-08-08 21:07:30,417 [INFO] PluginManager:220 - loadIPPluginJar : add aes
2025-08-08 21:07:30,422 [INFO] IPUIPlugin:80 - create IPUIPlugin
2025-08-08 21:07:30,422 [INFO] PluginManager:220 - loadIPPluginJar : add nvic
2025-08-08 21:07:30,428 [INFO] IPUIPlugin:80 - create IPUIPlugin
2025-08-08 21:07:30,428 [INFO] PluginManager:220 - loadIPPluginJar : add gpio
2025-08-08 21:07:30,437 [INFO] IPUIPlugin:80 - create IPUIPlugin
2025-08-08 21:07:30,438 [INFO] PluginManager:220 - loadIPPluginJar : add linkedlist
2025-08-08 21:07:30,445 [INFO] IPUIPlugin:80 - create IPUIPlugin
2025-08-08 21:07:30,445 [INFO] PluginManager:220 - loadIPPluginJar : add mdma
2025-08-08 21:07:30,448 [INFO] IPUIPlugin:80 - create IPUIPlugin
2025-08-08 21:07:30,448 [INFO] PluginManager:220 - loadIPPluginJar : add gfxmmu
2025-08-08 21:07:30,451 [INFO] IPUIPlugin:80 - create IPUIPlugin
2025-08-08 21:07:30,451 [INFO] PluginManager:220 - loadIPPluginJar : add openamp
2025-08-08 21:07:30,454 [INFO] IPUIPlugin:80 - create IPUIPlugin
2025-08-08 21:07:30,455 [INFO] PluginManager:220 - loadIPPluginJar : add i2s
2025-08-08 21:07:30,463 [INFO] IPUIPlugin:80 - create IPUIPlugin
2025-08-08 21:07:30,466 [INFO] PluginManager:220 - loadIPPluginJar : add plateformsettings
2025-08-08 21:07:30,469 [INFO] IPUIPlugin:80 - create IPUIPlugin
2025-08-08 21:07:30,469 [INFO] PluginManager:220 - loadIPPluginJar : add dfsdm
2025-08-08 21:07:30,472 [INFO] IPUIPlugin:80 - create IPUIPlugin
2025-08-08 21:07:30,472 [INFO] PluginManager:220 - loadIPPluginJar : add tim
2025-08-08 21:07:30,474 [INFO] IPUIPlugin:80 - create IPUIPlugin
2025-08-08 21:07:30,474 [INFO] PluginManager:220 - loadIPPluginJar : add ltdc
2025-08-08 21:07:30,481 [INFO] IPUIPlugin:80 - create IPUIPlugin
2025-08-08 21:07:30,481 [INFO] PluginManager:220 - loadIPPluginJar : add gic
2025-08-08 21:07:30,483 [INFO] IPUIPlugin:80 - create IPUIPlugin
2025-08-08 21:07:30,483 [INFO] PluginManager:220 - loadIPPluginJar : add fatfs
2025-08-08 21:07:30,487 [INFO] IPUIPlugin:80 - create IPUIPlugin
2025-08-08 21:07:30,487 [INFO] PluginManager:220 - loadIPPluginJar : add touchsensing
2025-08-08 21:07:30,494 [INFO] IPUIPlugin:80 - create IPUIPlugin
2025-08-08 21:07:30,494 [INFO] PluginManager:220 - loadIPPluginJar : add adc
2025-08-08 21:07:30,496 [INFO] IPUIPlugin:80 - create IPUIPlugin
2025-08-08 21:07:30,496 [INFO] PluginManager:220 - loadIPPluginJar : add genericplugin
2025-08-08 21:07:30,500 [INFO] IPUIPlugin:80 - create IPUIPlugin
2025-08-08 21:07:30,500 [INFO] PluginManager:220 - loadIPPluginJar : add usbx
2025-08-08 21:07:30,503 [INFO] IPUIPlugin:80 - create IPUIPlugin
2025-08-08 21:07:30,504 [INFO] PluginManager:220 - loadIPPluginJar : add cryp
2025-08-08 21:07:30,626 [FATAL] Updater:351 - Updater called before beeing initialized
2025-08-08 21:07:30,695 [INFO] RulesReader:64 - Compatibility file has been processed (317 Rules)
2025-08-08 21:07:30,713 [INFO] RulesReader:64 - Compatibility file has been processed (317 Rules)
2025-08-08 21:07:30,722 [INFO] CADModel:165 - CPN selected for project level
2025-08-08 21:07:30,723 [INFO] CADModel:114 - Register for checkConnection events
2025-08-08 21:07:30,723 [FATAL] Updater:351 - Updater called before beeing initialized
2025-08-08 21:07:30,723 [ERROR] CADModel:125 - Updater not yet initialized, retry later 
2025-08-08 21:07:30,875 [FATAL] Updater:351 - Updater called before beeing initialized
2025-08-08 21:07:30,877 [INFO] CADModel:165 - CPN selected for project level
2025-08-08 21:07:30,877 [INFO] CADModel:114 - Register for checkConnection events
2025-08-08 21:07:30,877 [FATAL] Updater:351 - Updater called before beeing initialized
2025-08-08 21:07:30,877 [ERROR] CADModel:125 - Updater not yet initialized, retry later 
2025-08-08 21:07:30,881 [FATAL] Updater:351 - Updater called before beeing initialized
2025-08-08 21:07:30,989 [FATAL] Updater:351 - Updater called before beeing initialized
2025-08-08 21:07:30,994 [INFO] DbMcusAds:53 - JSON generation date=Tue Jul 08 12:14:23 GST 2025 (1751962463593)
2025-08-08 21:07:30,994 [FATAL] Updater:351 - Updater called before beeing initialized
2025-08-08 21:07:31,050 [WARN] DetailPanel:346 - Failed to get advertising image, set to default
2025-08-08 21:07:31,181 [FATAL] Updater:351 - Updater called before beeing initialized
2025-08-08 21:07:31,183 [FATAL] Updater:351 - Updater called before beeing initialized
2025-08-08 21:07:31,183 [FATAL] Updater:351 - Updater called before beeing initialized
2025-08-08 21:07:31,183 [WARN] DetailPanel:346 - Failed to get advertising image, set to default
2025-08-08 21:07:31,184 [FATAL] Updater:351 - Updater called before beeing initialized
2025-08-08 21:07:31,231 [ERROR] Updater:1198 - MainUpdater not yet initialized. External WinMGr cannot be set.
2025-08-08 21:07:31,233 [INFO] Updater:1134 - Updater Version found : 6.15.0
2025-08-08 21:07:31,256 [INFO] ApplicationProperties:184 - Using Application install path: /home/cypher/st/stm32cubeide_1.19.0_3/plugins/com.st.stm32cube.common.mx_6.15.0.202507011659
2025-08-08 21:07:31,998 [INFO] MainUpdater:2872 - connection check result : 10
2025-08-08 21:07:31,999 [INFO] MainUpdater:289 - Updater Check For Update Now.
2025-08-08 21:07:31,999 [INFO] MicroXplorer:498 - Change Database Version : DB.6.0.150
2025-08-08 21:07:32,007 [INFO] McuFinderGlobals:63 - Set McuFinder mode to 2 (CubeIDE integrated)
2025-08-08 21:07:32,008 [INFO] UserAuth:487 - Internet connection configuration mode: 1
2025-08-08 21:07:32,037 [INFO] JxBrowserEngine:152 - Initiate JxBrowser Engine with user profile folder
2025-08-08 21:07:32,263 [INFO] CheckServerUpdateThread:120 - End of CheckServer Thread
2025-08-08 21:07:32,750 [WARN] PackLoader:240 - Cannot read IP mode file for STMicroelectronics.FP-ATR-ASTRA1.2.0.2
2025-08-08 21:07:32,765 [WARN] PackLoader:240 - Cannot read IP mode file for STMicroelectronics.FP-SNS-FLIGHT1.5.1.0
2025-08-08 21:07:32,775 [WARN] PackLoader:240 - Cannot read IP mode file for STMicroelectronics.FP-SNS-MOTENV1.5.0.0
2025-08-08 21:07:32,788 [WARN] PackLoader:240 - Cannot read IP mode file for STMicroelectronics.FP-ATR-SIGFOX1.3.2.0
2025-08-08 21:07:32,791 [INFO] ThirdParty:978 - Integrity check success = true
2025-08-08 21:07:32,791 [INFO] IntegrityCheckThread:100 - exiting critical section [integrity check]
2025-08-08 21:07:32,791 [INFO] IntegrityCheckThread:103 - End integrity checks thread
2025-08-08 21:07:33,856 [INFO] WebApp:169 - Instantiating new browser for Auth
2025-08-08 21:07:35,189 [INFO] WebApp:463 - Apply proxy settings
2025-08-08 21:07:35,189 [INFO] WebApp:548 - Chromium requires no authentication
2025-08-08 21:07:35,200 [INFO] WebApp:491 - Direct internet connection detected
2025-08-08 21:07:35,228 [INFO] WebApp:900 - Register for checkConnection events
2025-08-08 21:07:35,229 [INFO] WebApp:463 - Apply proxy settings
2025-08-08 21:07:35,229 [INFO] WebApp:548 - Chromium requires no authentication
2025-08-08 21:07:35,230 [INFO] WebApp:491 - Direct internet connection detected
2025-08-08 21:07:35,440 [INFO] WebApp:225 - Starting web application
2025-08-08 21:07:35,441 [INFO] WebApp:593 - Web application path used /home/cypher/st/stm32cubeide_1.19.0_3/plugins/com.st.stm32cube.common.mx_6.15.0.202507011659/db/plugins/mcufinder/reactClient1/index.html
2025-08-08 21:07:35,602 [INFO] UserAuth:487 - Internet connection configuration mode: 1
2025-08-08 21:07:36,286 [INFO] WebApp:191 - Connection restablished
2025-08-08 21:07:58,538 [ERROR] LogOutputStream:75 - [STDERR_REDIRECT] 
